SF:lib/core/data/datasources/settings_local_datasource_impl.dart
DA:9,1
DA:11,1
DA:13,2
DA:16,1
DA:18,2
DA:21,1
DA:23,2
DA:26,1
DA:28,2
LF:9
LH:9
end_of_record
SF:lib/core/data/database/daos/favorite_dao.dart
DA:9,0
DA:11,0
DA:12,0
DA:13,0
DA:15,0
DA:20,0
DA:21,0
DA:22,0
DA:25,0
DA:29,0
DA:30,0
DA:31,0
DA:35,0
LF:13
LH:0
end_of_record
SF:lib/core/data/database/daos/movie_dao.dart
DA:9,0
DA:11,0
DA:12,0
DA:13,0
DA:14,0
DA:15,0
DA:23,0
DA:24,0
DA:26,0
DA:27,0
DA:30,0
DA:32,0
DA:34,0
DA:38,0
DA:39,0
LF:15
LH:0
end_of_record
SF:lib/core/data/datasources/movie_local_datasource_impl.dart
DA:10,1
DA:15,1
DA:17,2
DA:20,1
DA:22,2
DA:25,1
DA:27,2
DA:30,1
DA:32,2
DA:35,1
DA:37,2
DA:38,2
DA:40,2
LF:13
LH:13
end_of_record
SF:lib/core/data/models/movie_model.dart
DA:21,6
DA:38,5
DA:39,5
DA:40,5
DA:41,5
DA:42,10
DA:43,5
DA:44,5
DA:45,5
DA:46,5
DA:47,10
DA:48,5
DA:49,5
DA:50,5
DA:51,5
DA:52,10
DA:53,5
DA:57,0
DA:58,0
DA:59,0
DA:60,0
DA:61,0
DA:62,0
DA:63,0
DA:64,0
DA:65,0
DA:66,0
DA:67,0
DA:68,0
DA:69,0
DA:70,0
DA:71,0
DA:72,0
DA:76,0
DA:77,0
DA:78,0
DA:79,0
DA:80,0
DA:81,0
DA:82,0
DA:83,0
DA:84,0
DA:85,0
DA:86,0
DA:87,0
DA:88,0
DA:89,0
DA:90,0
DA:91,0
DA:95,4
DA:96,4
DA:97,4
DA:98,4
DA:99,4
DA:100,8
DA:101,4
DA:102,4
DA:103,4
LF:58
LH:26
end_of_record
SF:lib/core/data/models/movie_response_model.dart
DA:10,6
DA:17,5
DA:18,5
DA:19,5
DA:20,25
DA:21,5
DA:22,5
DA:26,4
DA:27,28
LF:9
LH:9
end_of_record
SF:lib/core/blocs/events/movie_event.dart
DA:4,0
DA:5,0
DA:13,0
LF:3
LH:0
end_of_record
SF:lib/core/blocs/states/movie_state.dart
DA:7,0
DA:8,0
DA:18,0
DA:20,0
DA:21,0
DA:31,0
DA:33,0
DA:34,0
LF:8
LH:0
end_of_record
SF:lib/core/domain/entities/movie.dart
DA:13,4
DA:24,0
DA:25,0
DA:26,0
LF:4
LH:1
end_of_record
SF:lib/core/data/database/database_helper.dart
DA:7,0
DA:8,0
DA:9,0
DA:13,0
DA:15,0
DA:19,0
DA:20,0
DA:21,0
DA:23,0
DA:24,0
DA:25,0
LF:11
LH:0
end_of_record
SF:lib/main.dart
DA:20,0
DA:22,0
DA:24,0
DA:26,0
DA:28,0
DA:29,0
DA:30,0
DA:31,0
DA:32,0
DA:33,0
DA:34,0
DA:35,0
DA:36,0
DA:43,14
DA:45,0
DA:47,0
DA:48,0
DA:49,0
DA:55,0
DA:62,0
DA:71,0
DA:80,0
DA:81,0
DA:89,0
DA:90,0
DA:103,0
DA:104,0
DA:105,0
DA:109,0
DA:111,0
DA:113,0
DA:114,0
DA:115,0
DA:116,0
DA:117,0
DA:118,0
DA:119,0
DA:121,0
DA:123,0
DA:125,0
DA:127,0
DA:129,0
DA:131,0
DA:133,0
LF:44
LH:1
end_of_record
SF:lib/core/data/models/movie_params_model.dart
DA:12,2
DA:23,1
DA:24,1
DA:25,2
DA:26,2
DA:27,1
DA:28,2
DA:29,1
DA:32,1
DA:33,0
DA:36,1
DA:37,0
DA:40,1
DA:41,0
LF:14
LH:11
end_of_record
SF:lib/core/error/failures.dart
DA:5,17
DA:7,1
DA:8,2
DA:12,17
DA:17,14
DA:21,14
DA:25,14
DA:29,14
DA:33,14
DA:37,0
DA:41,0
DA:45,0
DA:49,0
DA:53,0
DA:57,0
DA:61,0
DA:65,0
DA:69,14
DA:73,15
LF:19
LH:11
end_of_record
SF:lib/core/data/datasources/movie_remote_datasource_impl.dart
DA:13,1
DA:15,1
DA:18,3
DA:19,0
DA:20,0
DA:21,0
DA:22,1
DA:23,1
DA:25,3
LF:9
LH:6
end_of_record
SF:lib/core/network/api_client.dart
DA:11,1
DA:13,1
DA:14,2
DA:15,1
DA:16,1
DA:17,1
DA:22,1
DA:23,2
DA:27,2
DA:30,1
DA:31,1
DA:32,1
DA:34,1
DA:36,1
DA:38,1
DA:40,0
DA:42,0
DA:47,1
LF:18
LH:16
end_of_record
SF:lib/core/data/repositories/movie_repository_impl.dart
DA:15,1
DA:20,1
DA:23,1
DA:24,1
DA:25,1
DA:26,1
DA:27,1
DA:28,1
DA:29,1
DA:30,1
DA:31,1
DA:33,2
DA:34,1
DA:35,2
DA:36,1
DA:37,3
DA:38,2
DA:39,1
DA:40,1
DA:43,0
DA:44,0
DA:46,0
DA:50,1
DA:52,2
DA:53,2
DA:54,1
DA:55,1
DA:58,1
DA:60,2
DA:63,1
DA:65,2
LF:31
LH:28
end_of_record
SF:lib/core/domain/entities/movie_params.dart
DA:11,4
LF:1
LH:1
end_of_record
SF:lib/core/data/repositories/settings_repository_impl.dart
DA:7,1
DA:9,1
DA:11,2
DA:14,1
DA:16,2
DA:19,1
DA:21,2
DA:24,1
DA:26,2
LF:9
LH:9
end_of_record
SF:lib/core/di/injection.dart
DA:30,0
DA:32,0
DA:34,0
DA:35,0
DA:38,0
DA:39,0
DA:42,0
DA:43,0
DA:44,0
DA:47,0
DA:50,0
DA:51,0
DA:54,0
DA:55,0
DA:58,0
DA:59,0
DA:63,0
DA:64,0
DA:67,0
DA:68,0
DA:72,0
DA:73,0
DA:76,0
DA:77,0
DA:80,0
DA:81,0
DA:84,0
DA:85,0
DA:89,0
DA:90,0
LF:30
LH:0
end_of_record
SF:lib/core/presentation/usecases/delete_favorite_movie_usecase_impl.dart
DA:7,1
DA:9,1
DA:11,2
LF:3
LH:3
end_of_record
SF:lib/core/presentation/usecases/insert_favorite_movie_usecase_impl.dart
DA:7,1
DA:9,1
DA:11,2
LF:3
LH:3
end_of_record
SF:lib/features/settings/presentation/blocs/notifier/language_notifier.dart
DA:9,0
DA:10,0
DA:13,0
DA:14,0
DA:15,0
DA:16,0
DA:19,0
DA:20,0
DA:21,0
DA:22,0
LF:10
LH:0
end_of_record
SF:lib/features/settings/presentation/blocs/notifier/theme_notifier.dart
DA:9,0
DA:10,0
DA:13,0
DA:14,0
DA:15,0
DA:16,0
DA:19,0
DA:20,0
DA:21,0
LF:9
LH:0
end_of_record
SF:lib/features/settings/presentation/usecases/get_language_usecase_impl.dart
DA:7,1
DA:9,1
DA:11,2
LF:3
LH:3
end_of_record
SF:lib/features/settings/presentation/usecases/is_dark_usecase_impl.dart
DA:7,1
DA:9,1
DA:11,2
LF:3
LH:3
end_of_record
SF:lib/core/presentation/blocs/base_movie_bloc.dart
DA:11,0
DA:14,0
DA:16,0
DA:17,0
DA:20,0
DA:21,0
LF:6
LH:0
end_of_record
SF:lib/core/widgets/movie_list_item.dart
DA:9,0
DA:15,0
DA:17,0
DA:18,0
DA:19,0
DA:20,0
DA:21,0
DA:25,0
DA:27,0
DA:29,0
DA:30,0
DA:31,0
DA:32,0
DA:33,0
DA:37,0
DA:38,0
DA:41,0
DA:52,0
DA:53,0
DA:55,0
DA:56,0
DA:57,0
DA:64,0
DA:65,0
DA:68,0
DA:70,0
DA:74,0
DA:76,0
DA:77,0
DA:78,0
DA:79,0
DA:81,0
DA:84,0
DA:85,0
DA:92,0
DA:93,0
DA:105,0
DA:106,0
DA:107,0
DA:108,0
DA:109,0
LF:41
LH:0
end_of_record
SF:lib/features/home/di/injection.dart
DA:6,0
DA:8,0
DA:9,0
DA:12,0
DA:13,0
DA:14,0
LF:6
LH:0
end_of_record
SF:lib/features/home/presentation/blocs/home_movies_bloc.dart
DA:15,0
DA:18,0
DA:19,0
DA:20,0
DA:21,0
DA:22,0
DA:23,0
DA:26,0
DA:30,0
DA:31,0
DA:32,0
DA:33,0
DA:34,0
DA:35,0
DA:36,0
DA:38,0
LF:16
LH:0
end_of_record
SF:lib/features/home/presentation/usecases/get_favorite_movies_usecase_impl.dart
DA:9,1
DA:11,1
DA:13,1
DA:14,2
LF:4
LH:4
end_of_record
SF:lib/features/home/presentation/blocs/events/favorite_events.dart
DA:6,0
LF:1
LH:0
end_of_record
SF:lib/features/home/presentation/pages/home_page.dart
DA:12,0
DA:14,0
DA:16,0
DA:17,0
DA:18,0
DA:25,0
DA:27,0
DA:30,0
DA:31,0
DA:34,0
DA:35,0
DA:36,0
DA:37,0
DA:38,0
DA:40,0
DA:41,0
DA:42,0
DA:43,0
DA:44,0
DA:45,0
DA:46,0
DA:48,0
DA:50,0
DA:53,0
DA:54,0
DA:57,0
DA:63,0
DA:70,0
DA:71,0
DA:73,0
DA:80,0
DA:81,0
DA:97,0
DA:102,0
DA:104,0
DA:105,0
DA:106,0
DA:110,0
DA:112,0
DA:114,0
DA:115,0
DA:116,0
DA:117,0
DA:118,0
DA:122,0
DA:123,0
DA:126,0
DA:137,0
DA:138,0
DA:140,0
DA:141,0
DA:142,0
DA:149,0
DA:150,0
DA:153,0
DA:155,0
DA:159,0
DA:161,0
DA:162,0
DA:163,0
DA:164,0
DA:166,0
DA:169,0
DA:170,0
DA:177,0
DA:178,0
LF:66
LH:0
end_of_record
SF:lib/l10n/app_localizations.dart
DA:9,0
DA:11,0
DA:12,0
DA:17,0
DA:18,0
DA:19,0
DA:21,0
DA:26,0
DA:27,0
DA:34,14
DA:36,0
DA:38,0
DA:41,0
DA:43,0
DA:44,0
DA:48,0
LF:16
LH:1
end_of_record
SF:lib/features/now_playing/di/injection.dart
DA:6,0
DA:8,0
DA:9,0
DA:12,0
DA:13,0
DA:14,0
DA:15,0
LF:7
LH:0
end_of_record
SF:lib/features/now_playing/presentation/blocs/now_playing_movies_bloc.dart
DA:12,0
DA:17,0
DA:18,0
DA:19,0
DA:23,0
DA:27,0
DA:28,0
DA:30,0
DA:31,0
DA:32,0
DA:33,0
DA:37,0
DA:38,0
DA:39,0
DA:40,0
DA:41,0
DA:42,0
DA:43,0
DA:44,0
DA:47,0
DA:48,0
LF:21
LH:0
end_of_record
SF:lib/features/now_playing/presentation/usecases/get_now_playing_movies_usecase_impl.dart
DA:16,1
DA:18,1
DA:21,1
DA:22,2
DA:23,1
DA:24,1
DA:26,1
DA:27,2
DA:29,1
DA:30,1
DA:31,1
DA:32,1
DA:34,2
LF:13
LH:13
end_of_record
SF:lib/features/now_playing/domain/entities/playing_movies_params.dart
DA:15,1
DA:24,1
DA:25,5
DA:29,1
DA:30,3
DA:34,0
DA:35,0
LF:7
LH:5
end_of_record
SF:lib/features/now_playing/presentation/pages/now_playing_page.dart
DA:13,0
DA:15,0
DA:17,0
DA:18,0
DA:19,0
DA:26,0
DA:28,0
DA:30,0
DA:31,0
DA:34,0
DA:35,0
DA:36,0
DA:37,0
DA:38,0
DA:40,0
DA:41,0
DA:42,0
DA:43,0
DA:44,0
DA:45,0
DA:47,0
DA:49,0
DA:50,0
DA:56,0
DA:57,0
DA:59,0
LF:26
LH:0
end_of_record
SF:lib/features/popular_movies/di/injection.dart
DA:6,0
DA:8,0
DA:9,0
DA:12,0
DA:13,0
DA:14,0
DA:15,0
LF:7
LH:0
end_of_record
SF:lib/features/popular_movies/presentation/blocs/popular_movie_bloc.dart
DA:13,0
DA:18,0
DA:19,0
DA:20,0
DA:25,0
DA:26,0
DA:27,0
DA:28,0
DA:32,0
DA:33,0
DA:34,0
DA:35,0
DA:36,0
DA:37,0
DA:38,0
DA:39,0
DA:42,0
DA:43,0
LF:18
LH:0
end_of_record
SF:lib/features/popular_movies/presentation/usecases/get_popular_movies_usecase_impl.dart
DA:15,1
DA:20,1
DA:22,1
DA:23,2
DA:24,1
DA:25,1
DA:27,1
DA:28,2
DA:30,1
DA:32,2
LF:10
LH:10
end_of_record
SF:lib/features/popular_movies/domain/entities/popular_movie_params.dart
DA:9,1
LF:1
LH:1
end_of_record
SF:lib/features/popular_movies/presentation/pages/popular_movies_page.dart
DA:12,14
DA:15,0
DA:17,0
DA:18,0
DA:19,0
DA:27,0
DA:29,0
DA:32,0
DA:33,0
DA:36,0
DA:37,0
DA:38,0
DA:39,0
DA:40,0
DA:42,0
DA:43,0
DA:44,0
DA:45,0
DA:46,0
DA:47,0
DA:49,0
DA:51,0
DA:52,0
DA:58,0
DA:59,0
DA:61,0
LF:26
LH:1
end_of_record
SF:lib/features/settings/di/injection.dart
DA:8,0
DA:10,0
DA:11,0
DA:14,0
DA:15,0
DA:18,0
DA:19,0
DA:20,0
DA:21,0
DA:22,0
DA:23,0
DA:24,0
LF:12
LH:0
end_of_record
SF:lib/features/settings/presentation/blocs/settings_bloc.dart
DA:21,0
DA:28,0
DA:29,0
DA:30,0
DA:31,0
DA:32,0
DA:33,0
DA:36,0
DA:37,0
DA:38,0
DA:39,0
DA:40,0
DA:41,0
DA:45,0
DA:46,0
DA:47,0
DA:48,0
DA:49,0
DA:50,0
LF:19
LH:0
end_of_record
SF:lib/features/settings/presentation/usecases/save_language_usecase_impl.dart
DA:7,1
DA:9,1
DA:11,2
LF:3
LH:3
end_of_record
SF:lib/features/settings/presentation/usecases/set_theme_usecase_impl.dart
DA:7,1
DA:9,1
DA:11,2
LF:3
LH:3
end_of_record
SF:lib/features/settings/presentation/blocs/events/setting_events.dart
DA:5,0
DA:6,0
DA:14,0
DA:20,0
LF:4
LH:0
end_of_record
SF:lib/features/settings/presentation/blocs/states/setting_states.dart
DA:4,0
DA:5,0
DA:14,0
DA:20,0
DA:22,0
DA:23,0
DA:29,0
LF:7
LH:0
end_of_record
SF:lib/features/settings/presentation/pages/settings_page.dart
DA:11,0
DA:14,0
DA:16,0
DA:17,0
DA:18,0
DA:27,0
DA:29,0
DA:31,0
DA:32,0
DA:35,0
DA:36,0
DA:37,0
DA:39,0
DA:40,0
DA:42,0
DA:43,0
DA:44,0
DA:45,0
DA:46,0
DA:47,0
DA:49,0
DA:51,0
DA:52,0
DA:54,0
DA:58,0
DA:59,0
DA:60,0
DA:61,0
DA:62,0
DA:63,0
DA:65,0
DA:66,0
DA:68,0
DA:69,0
DA:70,0
DA:71,0
DA:72,0
DA:74,0
DA:76,0
DA:79,0
DA:80,0
DA:81,0
DA:82,0
DA:84,0
DA:87,0
DA:88,0
DA:90,0
DA:91,0
DA:92,0
DA:93,0
DA:94,0
DA:96,0
DA:98,0
LF:53
LH:0
end_of_record
